Arguments: 
  C:\Program Files\nodejs\node.exe C:\Users\Santosh PC\AppData\Roaming\npm\node_modules\yarn\bin\yarn.js install

PATH: 
  C:\Program Files (x86)\Common Files\Oracle\Java\javapath;C:\ProgramData\Oracle\Java\javapath;C:\WINDOWS\system32;C:\WINDOWS;C:\WINDOWS\System32\Wbem;C:\WINDOWS\System32\WindowsPowerShell\v1.0\;c:\Program Files (x86)\ATI Technologies\ATI.ACE\Core-Static;C:\Program Files\Microsoft SQL Server\110\DTS\Binn\;C:\Program Files (x86)\Microsoft SQL Server\110\Tools\Binn\;C:\Program Files\Microsoft SQL Server\110\Tools\Binn\;C:\Program Files (x86)\Microsoft SQL Server\110\Tools\Binn\ManagementStudio\;C:\Program Files (x86)\Microsoft Visual Studio 10.0\Common7\IDE\PrivateAssemblies\;C:\Program Files (x86)\Microsoft SQL Server\110\DTS\Binn\;C:\Program Files\Microsoft SQL Server\130\Tools\Binn\;C:\Program Files\dotnet\;C:\WINDOWS\System32\OpenSSH\;C:\Program Files\Microsoft VS Code\bin;C:\Program Files\Git\cmd;C:\Program Files\nodejs\;C:\Program Files\Intel\WiFi\bin\;C:\Program Files\Common Files\Intel\WirelessCommon\;C:\Program Files (x86)\Intel\Intel(R) Management Engine Components\DAL;C:\Program Files\Intel\Intel(R) Management Engine Components\DAL;C:\Users\Santosh PC\AppData\Local\Microsoft\WindowsApps;C:\Users\Santosh PC\.dotnet\tools;C:\Users\Santosh PC\AppData\Local\JetBrains\IntelliJ IDEA 2019.2\bin;C:\Users\Santosh PC\AppData\Roaming\npm;C:\Users\Santosh PC\AppData\Local\Microsoft\WindowsApps

Yarn version: 
  1.17.3

Node version: 
  10.15.3

Platform: 
  win32 x64

Trace: 
  Error: https://registry.yarnpkg.com/core-js/-/core-js-2.6.12.tgz: ESOCKETTIMEDOUT
      at ClientRequest.<anonymous> (C:\Users\Santosh PC\AppData\Roaming\npm\node_modules\yarn\lib\cli.js:141091:19)
      at Object.onceWrapper (events.js:277:13)
      at ClientRequest.emit (events.js:189:13)
      at TLSSocket.emitRequestTimeout (_http_client.js:662:40)
      at Object.onceWrapper (events.js:277:13)
      at TLSSocket.emit (events.js:189:13)
      at TLSSocket.Socket._onTimeout (net.js:440:8)
      at ontimeout (timers.js:436:11)
      at tryOnTimeout (timers.js:300:5)
      at listOnTimeout (timers.js:263:5)

npm manifest: 
  {
    "name": "landing-page-pkezmv",
    "version": "2.0.0",
    "scripts": {
     "ng": "ng",
      "start": "node start.js",
       "build": "ng build --prod && yarn pugit dist/ccpay-bubble/index.html --output express/mvc/views/index.pug && rm dist/ccpay-bubble/index.html"
     },
    "private": true,
    "dependencies": {
      "applicationinsights-js": "^1.0.20",
      "client-request": "^2.3.0",
      "config": "^3.0.1",
      "cookie-parser": "^1.4.3",
      "core-js": "^2.6.3",
      "csurf": "^1.9.0",
      "ejs": "2.6.1",
      "express": "^4.16.4",
      "helmet": "^3.22.0",
      "http-status-codes": "^1.3.0",
      "i": "^0.3.6",
      "js-money": "^0.6.3",
      "js-yaml": "^3.12.1",
      "jsdom": "^13.2.0",
      "mocha-junit-reporter": "^1.18.0",
      "mochawesome": "^3.1.1",
      "moment": "2.24.0",
      "moment-timezone": "^0.5.23",
      "ngx-cookie-service": "^2.1.0",
      "ngx-pagination": "^3.2.1",
      "otp": "^0.1.3",
      "pug": "2.0.3",
      "request": "^2.88.0",
      "request-promise-native": "^1.0.5",
      "rxjs": "~6.4.0",
      "rxjs-compat": "^6.5.2",
      "superagent": "4.1.0",
      "supertest": "^3.4.2",
      "ts-mockito": "^2.3.1",
      "tslib": "^1.9.3",
      "uuid": "3.3.2",
      "web-animations-js": "^2.3.2",
      "zone.js": "~0.8.29"
    },
    "devDependencies": {
      "@angular/animations": "~7.2.4",
      "@angular/cdk": "6",
      "@angular/common": "~7.2.4",
      "@angular/compiler": "~7.2.4",
      "@angular/core": "~7.2.4",
      "@angular/forms": "~7.2.4",
      "@angular/http": "^7.2.4",
      "@angular/material": "6",
      "@angular/platform-browser": "~7.2.4",
      "@angular/platform-browser-dynamic": "~7.2.4",
      "@angular/router": "~7.2.4",
      "@angular-devkit/build-angular": "~0.13.0",
      "@angular-devkit/build-ng-packagr": "~0.13.0",
      "@angular/cli": "~7.3.0",
      "@angular/compiler-cli": "~7.2.4",
      "@angular/language-service": "~7.2.4",
      "@hmcts/eslint-config": "^1.4.0",
      "@types/applicationinsights-js": "^1.0.9",
      "@types/file-saver": "^2.0.1",
      "@types/jasmine": "~3.3.8",
      "@types/jasminewd2": "~2.0.6",
      "@types/node": "~10.12.21",
      "codeceptjs": "^2.0.4",
      "codelyzer": "~4.5.0",
      "cross-env": "^5.2.0",
      "eslint": "^5.13.0",
      "eslint-plugin-node": "^8.0.1",
      "file-saver": "^2.0.2",
      "gulp": "^4.0.0",
      "gulp-plumber": "^1.2.1",
      "gulp-sass": "^4.0.2",
      "jasmine-core": "~3.3.0",
      "jasmine-spec-reporter": "~4.2.1",
      "karma": "~3.1.1",
      "karma-chrome-launcher": "~2.2.0",
      "karma-cli": "2.0.0",
      "karma-coverage-istanbul-reporter": "~2.0.4",
      "karma-intl-shim": "1.0.3",
      "karma-jasmine": "~1.1.2",
      "karma-jasmine-html-reporter": "^1.4.0",
      "karma-phantomjs-launcher": "1.0.4",
      "karma-spec-reporter": "^0.0.32",
      "lcov-result-merger": "3.1.0",
      "mocha": "^5.2.0",
      "ng-packagr": "^4.2.0",
      "nock": "^10.0.6",
      "nodemon": "^1.18.10",
      "nyc": "^13.2.0",
      "protractor": "~5.4.2",
      "pugit": "6.1.1",
      "puppeteer": "^1.12.2",
      "sonar-scanner": "^3.1.0",
      "ts-node": "~8.0.2",
      "tsickle": ">=0.34.0",
      "tslint": "~5.12.1",
      "typescript": "3.2.4",
      "xlsx": "^0.15.1"
    },
    "optionalDependencies": {
      "fsevents": "*"
    }
  }

yarn manifest: 
  No manifest

Lockfile: 
  # THIS IS AN AUTOGENERATED FILE. DO NOT EDIT THIS FILE DIRECTLY.
  # yarn lockfile v1
  
  
  "@ng-bootstrap/ng-bootstrap@1.1.2":
    version "1.1.2"
    resolved "https://registry.yarnpkg.com/@ng-bootstrap/ng-bootstrap/-/ng-bootstrap-1.1.2.tgz#276b1c488687ca3e53d1694b63835fd57ca552ca"
    integrity sha512-lPB4WdFk3s4k1OMKiZsmbxSE3r8qBFapov0HudEVi8HYkm6LBxZmWqy9I6KAC9NnhVUVIYnCixvRSNwOQvIwwA==
  
  bootstrap@^5.0.1:
    version "5.0.1"
    resolved "https://registry.yarnpkg.com/bootstrap/-/bootstrap-5.0.1.tgz#e7939d599119dc818a90478a2a299bdaff037e09"
    integrity sha512-Fl79+wsLOZKoiU345KeEaWD0ik8WKRI5zm0YSPj2oF1Qr+BO7z0fco6GbUtqjoG1h4VI89PeKJnMsMMVQdKKTw==
